<?xml version="1.0" encoding="UTF-8"?>
<testsuite xmlns:xsi="http://www.w3.org/2001/XMLSchema-instance" xsi:noNamespaceSchemaLocation="https://maven.apache.org/surefire/maven-surefire-plugin/xsd/surefire-test-report-3.0.xsd" version="3.0" name="TestSuite" time="19.578" tests="2" errors="0" skipped="0" failures="0">
  <properties>
[...]
</properties>
  <testcase name="firsttest" classname="selenium.testng.secondTest" time="1.09">
    <system-err><![CDATA[1623132671928	geckodriver	INFO	Listening on 127.0.0.1:24985
1623132672417	mozrunner::runner	INFO	Running command: "C:\\Program Files\\Mozilla Firefox\\firefox.exe" "--marionette" "-foreground" "-no-remote" "-profile" "C:\\Users\\poorvid\\AppData\\Local\\Temp\\rust_mozprofileNL2xCZ"
1623132673012	Marionette	INFO	Marionette enabled
console.warn: SearchSettings: "get: No settings file exists, new profile?" (new Error("", "(unknown module)"))
1623132675894	Marionette	INFO	Listening on port 58517
1623132676149	Marionette	WARN	TLS certificate errors will be ignored for this session
Jun 08, 2021 11:41:16 AM org.openqa.selenium.remote.ProtocolHandshake createSession
INFO: Detected dialect: W3C
1623132676646	geckodriver	INFO	Listening on 127.0.0.1:40621
1623132676847	mozrunner::runner	INFO	Running command: "C:\\Program Files\\Mozilla Firefox\\firefox.exe" "--marionette" "-foreground" "-no-remote" "-profile" "C:\\Users\\poorvid\\AppData\\Local\\Temp\\rust_mozprofileUa5Ywh"
1623132677943	Marionette	INFO	Marionette enabled
console.warn: SearchSettings: "get: No settings file exists, new profile?" (new Error("", "(unknown module)"))
1623132682174	Marionette	INFO	Listening on port 58550
1623132682962	Marionette	WARN	TLS certificate errors will be ignored for this session
Jun 08, 2021 11:41:22 AM org.openqa.selenium.remote.ProtocolHandshake createSession
INFO: Detected dialect: W3C
]]></system-err>
  </testcase>
  <testcase name="firsttest" classname="selenium.testng.firstTest" time="4.885">
    <system-err><![CDATA[1623132684412	Marionette	INFO	Stopped listening on port 58517
JavaScript error: resource://gre/modules/ConduitsChild.jsm, line 108: Error: sendRemoveListener on closed conduit sba4b_firefox_quantum@checkpoint.com.274877907090
]]></system-err>
  </testcase>
</testsuite>