<?xml version="1.0" encoding="UTF-8"?>
<testng-results ignored="0" total="2" passed="2" failed="0" skipped="0">
  <reporter-output>
  </reporter-output>
  <suite started-at="2021-06-08T11:41:11 IST" name="Suite" finished-at="2021-06-08T11:41:30 IST" duration-ms="19136">
    <groups>
    </groups>
    <test started-at="2021-06-08T11:41:11 IST" name="Test" finished-at="2021-06-08T11:41:30 IST" duration-ms="19136">
      <class name="selenium.testng.firstTest">
        <test-method is-config="true" signature="start()[pri:0, instance:selenium.testng.firstTest@38e79ae3]" started-at="2021-06-08T11:41:11 IST" name="start" finished-at="2021-06-08T11:41:16 IST" duration-ms="4814" status="PASS">
          <reporter-output>
          </reporter-output>
        </test-method> <!-- start -->
        <test-method signature="firsttest()[pri:0, instance:selenium.testng.firstTest@38e79ae3]" started-at="2021-06-08T11:41:23 IST" name="firsttest" finished-at="2021-06-08T11:41:27 IST" duration-ms="4886" status="PASS">
          <reporter-output>
          </reporter-output>
        </test-method> <!-- firsttest -->
      </class> <!-- selenium.testng.firstTest -->
      <class name="selenium.testng.secondTest">
        <test-method is-config="true" signature="start()[pri:0, instance:selenium.testng.secondTest@6f45df59]" started-at="2021-06-08T11:41:16 IST" name="start" finished-at="2021-06-08T11:41:22 IST" duration-ms="6772" status="PASS">
          <reporter-output>
          </reporter-output>
        </test-method> <!-- start -->
        <test-method signature="firsttest()[pri:0, instance:selenium.testng.secondTest@6f45df59]" started-at="2021-06-08T11:41:23 IST" name="firsttest" finished-at="2021-06-08T11:41:24 IST" duration-ms="1084" status="PASS">
          <reporter-output>
          </reporter-output>
        </test-method> <!-- firsttest -->
        <test-method is-config="true" signature="end()[pri:0, instance:selenium.testng.secondTest@6f45df59]" started-at="2021-06-08T11:41:27 IST" name="end" finished-at="2021-06-08T11:41:30 IST" duration-ms="2638" status="PASS">
          <reporter-output>
          </reporter-output>
        </test-method> <!-- end -->
      </class> <!-- selenium.testng.secondTest -->
    </test> <!-- Test -->
  </suite> <!-- Suite -->
</testng-results>
